<?xml version="1.0" encoding="UTF-8" standalone="no" ?>
<coverage branch-rate="NaN" branches-covered="NaN" branches-valid="NaN" complexity="NaN" line-rate="0.35235" lines-covered="247" lines-valid="701" timestamp="1725998526.0055" version="">
  <sources>
    <source>/home/lhtian97/Documents/bds/src/</source>
  </sources>
  <packages>
    <package branch-rate="NaN" complexity="NaN" line-rate="0.35235" name="">
      <classes>
        <class branch-rate="NaN" complexity="NaN" filename="bds.m" line-rate="0" name="bds">
          <methods/>
          <lines>
            <line hits="0" number="111"/>
            <line hits="0" number="112"/>
            <line hits="0" number="116"/>
            <line hits="0" number="117"/>
            <line hits="0" number="120"/>
            <line hits="0" number="124"/>
            <line hits="0" number="125"/>
            <line hits="0" number="127"/>
            <line hits="0" number="132"/>
            <line hits="0" number="135"/>
            <line hits="0" number="136"/>
            <line hits="0" number="140"/>
            <line hits="0" number="141"/>
            <line hits="0" number="143"/>
            <line hits="0" number="144"/>
            <line hits="0" number="146"/>
            <line hits="0" number="147"/>
            <line hits="0" number="148"/>
            <line hits="0" number="149"/>
            <line hits="0" number="151"/>
            <line hits="0" number="155"/>
            <line hits="0" number="157"/>
            <line hits="0" number="159"/>
            <line hits="0" number="160"/>
            <line hits="0" number="164"/>
            <line hits="0" number="165"/>
            <line hits="0" number="168"/>
            <line hits="0" number="169"/>
            <line hits="0" number="170"/>
            <line hits="0" number="174"/>
            <line hits="0" number="175"/>
            <line hits="0" number="177"/>
            <line hits="0" number="180"/>
            <line hits="0" number="181"/>
            <line hits="0" number="183"/>
            <line hits="0" number="187"/>
            <line hits="0" number="188"/>
            <line hits="0" number="190"/>
            <line hits="0" number="194"/>
            <line hits="0" number="195"/>
            <line hits="0" number="197"/>
            <line hits="0" number="201"/>
            <line hits="0" number="202"/>
            <line hits="0" number="204"/>
            <line hits="0" number="208"/>
            <line hits="0" number="209"/>
            <line hits="0" number="213"/>
            <line hits="0" number="214"/>
            <line hits="0" number="216"/>
            <line hits="0" number="221"/>
            <line hits="0" number="222"/>
            <line hits="0" number="223"/>
            <line hits="0" number="225"/>
            <line hits="0" number="233"/>
            <line hits="0" number="234"/>
            <line hits="0" number="235"/>
            <line hits="0" number="237"/>
            <line hits="0" number="246"/>
            <line hits="0" number="247"/>
            <line hits="0" number="249"/>
            <line hits="0" number="254"/>
            <line hits="0" number="255"/>
            <line hits="0" number="257"/>
            <line hits="0" number="263"/>
            <line hits="0" number="267"/>
            <line hits="0" number="268"/>
            <line hits="0" number="270"/>
            <line hits="0" number="274"/>
            <line hits="0" number="275"/>
            <line hits="0" number="277"/>
            <line hits="0" number="281"/>
            <line hits="0" number="282"/>
            <line hits="0" number="284"/>
            <line hits="0" number="288"/>
            <line hits="0" number="289"/>
            <line hits="0" number="290"/>
            <line hits="0" number="291"/>
            <line hits="0" number="292"/>
            <line hits="0" number="293"/>
            <line hits="0" number="302"/>
            <line hits="0" number="303"/>
            <line hits="0" number="304"/>
            <line hits="0" number="305"/>
            <line hits="0" number="306"/>
            <line hits="0" number="307"/>
            <line hits="0" number="310"/>
            <line hits="0" number="311"/>
            <line hits="0" number="314"/>
            <line hits="0" number="319"/>
            <line hits="0" number="320"/>
            <line hits="0" number="323"/>
            <line hits="0" number="326"/>
            <line hits="0" number="327"/>
            <line hits="0" number="329"/>
            <line hits="0" number="332"/>
            <line hits="0" number="333"/>
            <line hits="0" number="334"/>
            <line hits="0" number="335"/>
            <line hits="0" number="336"/>
            <line hits="0" number="337"/>
            <line hits="0" number="342"/>
            <line hits="0" number="343"/>
            <line hits="0" number="345"/>
            <line hits="0" number="349"/>
            <line hits="0" number="350"/>
            <line hits="0" number="352"/>
            <line hits="0" number="356"/>
            <line hits="0" number="360"/>
            <line hits="0" number="365"/>
            <line hits="0" number="368"/>
            <line hits="0" number="369"/>
            <line hits="0" number="370"/>
            <line hits="0" number="371"/>
            <line hits="0" number="372"/>
            <line hits="0" number="373"/>
            <line hits="0" number="377"/>
            <line hits="0" number="378"/>
            <line hits="0" number="382"/>
            <line hits="0" number="383"/>
            <line hits="0" number="384"/>
            <line hits="0" number="387"/>
            <line hits="0" number="389"/>
            <line hits="0" number="391"/>
            <line hits="0" number="392"/>
            <line hits="0" number="393"/>
            <line hits="0" number="398"/>
            <line hits="0" number="403"/>
            <line hits="0" number="404"/>
            <line hits="0" number="406"/>
            <line hits="0" number="410"/>
            <line hits="0" number="411"/>
            <line hits="0" number="415"/>
            <line hits="0" number="416"/>
            <line hits="0" number="420"/>
            <line hits="0" number="421"/>
            <line hits="0" number="425"/>
            <line hits="0" number="426"/>
            <line hits="0" number="428"/>
            <line hits="0" number="429"/>
            <line hits="0" number="430"/>
            <line hits="0" number="437"/>
            <line hits="0" number="440"/>
            <line hits="0" number="444"/>
            <line hits="0" number="447"/>
            <line hits="0" number="450"/>
            <line hits="0" number="451"/>
            <line hits="0" number="452"/>
            <line hits="0" number="453"/>
            <line hits="0" number="454"/>
            <line hits="0" number="455"/>
            <line hits="0" number="456"/>
            <line hits="0" number="457"/>
            <line hits="0" number="458"/>
            <line hits="0" number="461"/>
            <line hits="0" number="462"/>
            <line hits="0" number="463"/>
            <line hits="0" number="466"/>
            <line hits="0" number="467"/>
            <line hits="0" number="470"/>
            <line hits="0" number="471"/>
            <line hits="0" number="475"/>
            <line hits="0" number="476"/>
            <line hits="0" number="480"/>
            <line hits="0" number="483"/>
            <line hits="0" number="486"/>
            <line hits="0" number="487"/>
            <line hits="0" number="488"/>
            <line hits="0" number="489"/>
            <line hits="0" number="493"/>
            <line hits="0" number="494"/>
            <line hits="0" number="499"/>
            <line hits="0" number="503"/>
            <line hits="0" number="504"/>
            <line hits="0" number="505"/>
            <line hits="0" number="506"/>
            <line hits="0" number="512"/>
            <line hits="0" number="516"/>
            <line hits="0" number="517"/>
            <line hits="0" number="518"/>
            <line hits="0" number="519"/>
            <line hits="0" number="523"/>
            <line hits="0" number="524"/>
            <line hits="0" number="525"/>
            <line hits="0" number="526"/>
            <line hits="0" number="534"/>
            <line hits="0" number="535"/>
            <line hits="0" number="536"/>
            <line hits="0" number="537"/>
            <line hits="0" number="547"/>
            <line hits="0" number="551"/>
            <line hits="0" number="552"/>
            <line hits="0" number="553"/>
            <line hits="0" number="558"/>
            <line hits="0" number="559"/>
            <line hits="0" number="565"/>
            <line hits="0" number="569"/>
            <line hits="0" number="570"/>
            <line hits="0" number="572"/>
            <line hits="0" number="573"/>
            <line hits="0" number="575"/>
            <line hits="0" number="576"/>
            <line hits="0" number="578"/>
            <line hits="0" number="581"/>
            <line hits="0" number="582"/>
            <line hits="0" number="583"/>
            <line hits="0" number="584"/>
            <line hits="0" number="585"/>
            <line hits="0" number="586"/>
            <line hits="0" number="587"/>
            <line hits="0" number="588"/>
            <line hits="0" number="589"/>
            <line hits="0" number="591"/>
            <line hits="0" number="595"/>
            <line hits="0" number="596"/>
            <line hits="0" number="600"/>
            <line hits="0" number="601"/>
          </lines>
        </class>
        <class branch-rate="NaN" complexity="NaN" filename="private/cycling.m" line-rate="0.82143" name="cycling">
          <methods/>
          <lines>
            <line hits="34" number="53"/>
            <line hits="34" number="54"/>
            <line hits="34" number="56"/>
            <line hits="0" number="57"/>
            <line hits="34" number="60"/>
            <line hits="0" number="61"/>
            <line hits="34" number="64"/>
            <line hits="0" number="65"/>
            <line hits="34" number="68"/>
            <line hits="0" number="69"/>
            <line hits="34" number="75"/>
            <line hits="20" number="76"/>
            <line hits="14" number="82"/>
            <line hits="7" number="83"/>
            <line hits="7" number="84"/>
            <line hits="14" number="87"/>
            <line hits="14" number="95"/>
            <line hits="4" number="96"/>
            <line hits="10" number="105"/>
            <line hits="4" number="106"/>
            <line hits="6" number="115"/>
            <line hits="4" number="116"/>
            <line hits="2" number="124"/>
            <line hits="2" number="125"/>
            <line hits="2" number="126"/>
            <line hits="2" number="130"/>
            <line hits="2" number="132"/>
            <line hits="0" number="133"/>
          </lines>
        </class>
        <class branch-rate="NaN" complexity="NaN" filename="private/divide_direction_set.m" line-rate="0.77778" name="divide_direction_set">
          <methods/>
          <lines>
            <line hits="4" number="20"/>
            <line hits="4" number="21"/>
            <line hits="4" number="23"/>
            <line hits="0" number="24"/>
            <line hits="4" number="27"/>
            <line hits="0" number="28"/>
            <line hits="4" number="31"/>
            <line hits="0" number="32"/>
            <line hits="4" number="40"/>
            <line hits="4" number="41"/>
            <line hits="4" number="42"/>
            <line hits="4" number="46"/>
            <line hits="4" number="47"/>
            <line hits="4" number="48"/>
            <line hits="12" number="49"/>
            <line hits="4" number="53"/>
            <line hits="4" number="54"/>
            <line hits="0" number="55"/>
          </lines>
        </class>
        <class branch-rate="NaN" complexity="NaN" filename="private/eval_fun.m" line-rate="0" name="eval_fun">
          <methods/>
          <lines>
            <line hits="0" number="7"/>
            <line hits="0" number="8"/>
            <line hits="0" number="9"/>
            <line hits="0" number="10"/>
            <line hits="0" number="11"/>
            <line hits="0" number="17"/>
            <line hits="0" number="18"/>
            <line hits="0" number="20"/>
          </lines>
        </class>
        <class branch-rate="NaN" complexity="NaN" filename="private/get_default_constant.m" line-rate="0.64286" name="get_default_constant">
          <methods/>
          <lines>
            <line hits="11" number="5"/>
            <line hits="11" number="6"/>
            <line hits="1" number="7"/>
            <line hits="10" number="8"/>
            <line hits="0" number="9"/>
            <line hits="10" number="10"/>
            <line hits="1" number="11"/>
            <line hits="9" number="12"/>
            <line hits="1" number="13"/>
            <line hits="8" number="14"/>
            <line hits="1" number="15"/>
            <line hits="7" number="16"/>
            <line hits="1" number="17"/>
            <line hits="6" number="18"/>
            <line hits="0" number="19"/>
            <line hits="6" number="20"/>
            <line hits="1" number="21"/>
            <line hits="5" number="22"/>
            <line hits="1" number="23"/>
            <line hits="4" number="24"/>
            <line hits="1" number="25"/>
            <line hits="3" number="26"/>
            <line hits="0" number="27"/>
            <line hits="3" number="28"/>
            <line hits="1" number="29"/>
            <line hits="2" number="30"/>
            <line hits="1" number="31"/>
            <line hits="1" number="32"/>
            <line hits="0" number="33"/>
            <line hits="1" number="34"/>
            <line hits="1" number="35"/>
            <line hits="0" number="36"/>
            <line hits="0" number="37"/>
            <line hits="0" number="38"/>
            <line hits="0" number="39"/>
            <line hits="0" number="40"/>
            <line hits="0" number="41"/>
            <line hits="0" number="42"/>
            <line hits="0" number="43"/>
            <line hits="0" number="44"/>
            <line hits="0" number="45"/>
            <line hits="0" number="47"/>
          </lines>
        </class>
        <class branch-rate="NaN" complexity="NaN" filename="private/get_direction_set.m" line-rate="0.76667" name="get_direction_set">
          <methods/>
          <lines>
            <line hits="6" number="18"/>
            <line hits="1" number="19"/>
            <line hits="6" number="22"/>
            <line hits="2" number="25"/>
            <line hits="4" number="28"/>
            <line hits="4" number="32"/>
            <line hits="0" number="33"/>
            <line hits="0" number="34"/>
            <line hits="4" number="40"/>
            <line hits="4" number="41"/>
            <line hits="4" number="42"/>
            <line hits="4" number="44"/>
            <line hits="0" number="45"/>
            <line hits="0" number="46"/>
            <line hits="0" number="47"/>
            <line hits="0" number="48"/>
            <line hits="4" number="53"/>
            <line hits="4" number="63"/>
            <line hits="4" number="67"/>
            <line hits="4" number="68"/>
            <line hits="4" number="73"/>
            <line hits="0" number="74"/>
            <line hits="4" number="99"/>
            <line hits="4" number="100"/>
            <line hits="4" number="101"/>
            <line hits="4" number="102"/>
            <line hits="6" number="107"/>
            <line hits="6" number="108"/>
            <line hits="6" number="109"/>
            <line hits="6" number="110"/>
          </lines>
        </class>
        <class branch-rate="NaN" complexity="NaN" filename="private/get_exitflag.m" line-rate="0.70588" name="get_exitflag">
          <methods/>
          <lines>
            <line hits="4" number="12"/>
            <line hits="0" number="13"/>
            <line hits="4" number="16"/>
            <line hits="4" number="17"/>
            <line hits="1" number="18"/>
            <line hits="3" number="19"/>
            <line hits="1" number="20"/>
            <line hits="2" number="21"/>
            <line hits="1" number="22"/>
            <line hits="1" number="23"/>
            <line hits="1" number="24"/>
            <line hits="0" number="26"/>
            <line hits="4" number="30"/>
            <line hits="0" number="31"/>
            <line hits="0" number="32"/>
            <line hits="4" number="36"/>
            <line hits="0" number="37"/>
          </lines>
        </class>
        <class branch-rate="NaN" complexity="NaN" filename="private/inner_direct_search.m" line-rate="0" name="inner_direct_search">
          <methods/>
          <lines>
            <line hits="0" number="16"/>
            <line hits="0" number="19"/>
            <line hits="0" number="22"/>
            <line hits="0" number="25"/>
            <line hits="0" number="28"/>
            <line hits="0" number="31"/>
            <line hits="0" number="34"/>
            <line hits="0" number="37"/>
            <line hits="0" number="40"/>
            <line hits="0" number="45"/>
            <line hits="0" number="48"/>
            <line hits="0" number="49"/>
            <line hits="0" number="50"/>
            <line hits="0" number="51"/>
            <line hits="0" number="52"/>
            <line hits="0" number="53"/>
            <line hits="0" number="54"/>
            <line hits="0" number="56"/>
            <line hits="0" number="59"/>
            <line hits="0" number="62"/>
            <line hits="0" number="63"/>
            <line hits="0" number="66"/>
            <line hits="0" number="67"/>
            <line hits="0" number="68"/>
            <line hits="0" number="69"/>
            <line hits="0" number="70"/>
            <line hits="0" number="71"/>
            <line hits="0" number="72"/>
            <line hits="0" number="76"/>
            <line hits="0" number="77"/>
            <line hits="0" number="78"/>
            <line hits="0" number="82"/>
            <line hits="0" number="88"/>
            <line hits="0" number="89"/>
            <line hits="0" number="90"/>
            <line hits="0" number="93"/>
            <line hits="0" number="94"/>
            <line hits="0" number="104"/>
            <line hits="0" number="105"/>
            <line hits="0" number="106"/>
            <line hits="0" number="107"/>
            <line hits="0" number="108"/>
            <line hits="0" number="112"/>
            <line hits="0" number="113"/>
            <line hits="0" number="114"/>
            <line hits="0" number="115"/>
            <line hits="0" number="116"/>
          </lines>
        </class>
        <class branch-rate="NaN" complexity="NaN" filename="private/is_debugging.m" line-rate="1" name="is_debugging">
          <methods/>
          <lines>
            <line hits="38" number="6"/>
          </lines>
        </class>
        <class branch-rate="NaN" complexity="NaN" filename="private/ischarstr.m" line-rate="0" name="ischarstr">
          <methods/>
          <lines>
            <line hits="0" number="6"/>
          </lines>
        </class>
        <class branch-rate="NaN" complexity="NaN" filename="private/isintegerscalar.m" line-rate="1" name="isintegerscalar">
          <methods/>
          <lines>
            <line hits="80" number="7"/>
            <line hits="80" number="9"/>
          </lines>
        </class>
        <class branch-rate="NaN" complexity="NaN" filename="private/islogicalscalar.m" line-rate="0.5" name="islogicalscalar">
          <methods/>
          <lines>
            <line hits="34" number="7"/>
            <line hits="34" number="8"/>
            <line hits="0" number="9"/>
            <line hits="0" number="10"/>
            <line hits="0" number="12"/>
            <line hits="34" number="15"/>
          </lines>
        </class>
        <class branch-rate="NaN" complexity="NaN" filename="private/isnumvec.m" line-rate="0" name="isnumvec">
          <methods/>
          <lines>
            <line hits="0" number="6"/>
          </lines>
        </class>
        <class branch-rate="NaN" complexity="NaN" filename="private/isrealcolumn.m" line-rate="0" name="isrealcolumn">
          <methods/>
          <lines>
            <line hits="0" number="7"/>
            <line hits="0" number="8"/>
            <line hits="0" number="9"/>
            <line hits="0" number="10"/>
            <line hits="0" number="11"/>
            <line hits="0" number="12"/>
            <line hits="0" number="14"/>
            <line hits="0" number="15"/>
            <line hits="0" number="17"/>
          </lines>
        </class>
        <class branch-rate="NaN" complexity="NaN" filename="private/isrealmatrix.m" line-rate="0" name="isrealmatrix">
          <methods/>
          <lines>
            <line hits="0" number="7"/>
            <line hits="0" number="8"/>
            <line hits="0" number="9"/>
            <line hits="0" number="10"/>
            <line hits="0" number="11"/>
            <line hits="0" number="12"/>
            <line hits="0" number="13"/>
            <line hits="0" number="15"/>
            <line hits="0" number="16"/>
            <line hits="0" number="17"/>
            <line hits="0" number="19"/>
          </lines>
        </class>
        <class branch-rate="NaN" complexity="NaN" filename="private/isrealrow.m" line-rate="0.55556" name="isrealrow">
          <methods/>
          <lines>
            <line hits="36" number="8"/>
            <line hits="0" number="9"/>
            <line hits="0" number="10"/>
            <line hits="36" number="11"/>
            <line hits="36" number="12"/>
            <line hits="36" number="13"/>
            <line hits="0" number="15"/>
            <line hits="0" number="16"/>
            <line hits="36" number="18"/>
          </lines>
        </class>
        <class branch-rate="NaN" complexity="NaN" filename="private/isrealscalar.m" line-rate="1" name="isrealscalar">
          <methods/>
          <lines>
            <line hits="80" number="7"/>
            <line hits="80" number="9"/>
          </lines>
        </class>
        <class branch-rate="NaN" complexity="NaN" filename="private/isrealvector.m" line-rate="0.66667" name="isrealvector">
          <methods/>
          <lines>
            <line hits="36" number="6"/>
            <line hits="36" number="7"/>
            <line hits="36" number="8"/>
            <line hits="0" number="10"/>
            <line hits="0" number="11"/>
            <line hits="36" number="13"/>
          </lines>
        </class>
        <class branch-rate="NaN" complexity="NaN" filename="private/verify_postconditions.m" line-rate="0" name="verify_postconditions">
          <methods/>
          <lines>
            <line hits="0" number="6"/>
            <line hits="0" number="7"/>
            <line hits="0" number="11"/>
            <line hits="0" number="12"/>
            <line hits="0" number="18"/>
            <line hits="0" number="19"/>
            <line hits="0" number="23"/>
            <line hits="0" number="24"/>
            <line hits="0" number="28"/>
            <line hits="0" number="29"/>
            <line hits="0" number="31"/>
            <line hits="0" number="32"/>
            <line hits="0" number="33"/>
            <line hits="0" number="37"/>
            <line hits="0" number="38"/>
            <line hits="0" number="42"/>
            <line hits="0" number="43"/>
            <line hits="0" number="45"/>
            <line hits="0" number="47"/>
            <line hits="0" number="48"/>
            <line hits="0" number="51"/>
            <line hits="0" number="53"/>
            <line hits="0" number="54"/>
            <line hits="0" number="56"/>
            <line hits="0" number="57"/>
            <line hits="0" number="61"/>
            <line hits="0" number="62"/>
            <line hits="0" number="66"/>
            <line hits="0" number="67"/>
            <line hits="0" number="68"/>
            <line hits="0" number="69"/>
            <line hits="0" number="71"/>
            <line hits="0" number="75"/>
          </lines>
        </class>
        <class branch-rate="NaN" complexity="NaN" filename="private/verify_preconditions.m" line-rate="0" name="verify_preconditions">
          <methods/>
          <lines>
            <line hits="0" number="5"/>
            <line hits="0" number="6"/>
            <line hits="0" number="9"/>
            <line hits="0" number="10"/>
            <line hits="0" number="13"/>
            <line hits="0" number="14"/>
            <line hits="0" number="15"/>
            <line hits="0" number="19"/>
            <line hits="0" number="20"/>
            <line hits="0" number="21"/>
            <line hits="0" number="25"/>
            <line hits="0" number="26"/>
            <line hits="0" number="27"/>
            <line hits="0" number="31"/>
            <line hits="0" number="32"/>
            <line hits="0" number="33"/>
            <line hits="0" number="36"/>
            <line hits="0" number="37"/>
            <line hits="0" number="38"/>
            <line hits="0" number="39"/>
            <line hits="0" number="43"/>
            <line hits="0" number="44"/>
            <line hits="0" number="45"/>
            <line hits="0" number="49"/>
            <line hits="0" number="50"/>
            <line hits="0" number="51"/>
            <line hits="0" number="55"/>
            <line hits="0" number="56"/>
            <line hits="0" number="57"/>
            <line hits="0" number="60"/>
            <line hits="0" number="61"/>
            <line hits="0" number="62"/>
            <line hits="0" number="63"/>
            <line hits="0" number="67"/>
            <line hits="0" number="68"/>
            <line hits="0" number="69"/>
            <line hits="0" number="73"/>
            <line hits="0" number="74"/>
            <line hits="0" number="75"/>
            <line hits="0" number="76"/>
            <line hits="0" number="77"/>
            <line hits="0" number="81"/>
            <line hits="0" number="82"/>
            <line hits="0" number="83"/>
            <line hits="0" number="87"/>
            <line hits="0" number="88"/>
            <line hits="0" number="89"/>
            <line hits="0" number="93"/>
            <line hits="0" number="94"/>
            <line hits="0" number="95"/>
            <line hits="0" number="99"/>
            <line hits="0" number="100"/>
            <line hits="0" number="101"/>
            <line hits="0" number="105"/>
            <line hits="0" number="106"/>
            <line hits="0" number="107"/>
            <line hits="0" number="111"/>
            <line hits="0" number="112"/>
            <line hits="0" number="113"/>
            <line hits="0" number="117"/>
            <line hits="0" number="118"/>
            <line hits="0" number="119"/>
            <line hits="0" number="123"/>
            <line hits="0" number="124"/>
            <line hits="0" number="125"/>
            <line hits="0" number="129"/>
            <line hits="0" number="130"/>
            <line hits="0" number="131"/>
            <line hits="0" number="135"/>
            <line hits="0" number="136"/>
            <line hits="0" number="137"/>
            <line hits="0" number="141"/>
            <line hits="0" number="142"/>
            <line hits="0" number="143"/>
          </lines>
        </class>
        <class branch-rate="NaN" complexity="NaN" filename="unit_test.m" line-rate="0.93571" name="unit_test">
          <methods/>
          <lines>
            <line hits="0" number="9"/>
            <line hits="1" number="17"/>
            <line hits="1" number="18"/>
            <line hits="2" number="19"/>
            <line hits="10" number="20"/>
            <line hits="2" number="22"/>
            <line hits="10" number="23"/>
            <line hits="1" number="28"/>
            <line hits="1" number="29"/>
            <line hits="2" number="30"/>
            <line hits="2" number="31"/>
            <line hits="2" number="32"/>
            <line hits="2" number="33"/>
            <line hits="1" number="40"/>
            <line hits="1" number="41"/>
            <line hits="1" number="42"/>
            <line hits="1" number="43"/>
            <line hits="1" number="44"/>
            <line hits="1" number="45"/>
            <line hits="1" number="46"/>
            <line hits="1" number="52"/>
            <line hits="1" number="53"/>
            <line hits="1" number="54"/>
            <line hits="1" number="55"/>
            <line hits="1" number="56"/>
            <line hits="1" number="57"/>
            <line hits="1" number="59"/>
            <line hits="1" number="61"/>
            <line hits="1" number="62"/>
            <line hits="1" number="63"/>
            <line hits="1" number="64"/>
            <line hits="1" number="65"/>
            <line hits="1" number="66"/>
            <line hits="1" number="68"/>
            <line hits="1" number="70"/>
            <line hits="1" number="71"/>
            <line hits="1" number="72"/>
            <line hits="1" number="73"/>
            <line hits="1" number="74"/>
            <line hits="1" number="75"/>
            <line hits="1" number="77"/>
            <line hits="1" number="79"/>
            <line hits="1" number="80"/>
            <line hits="1" number="81"/>
            <line hits="1" number="82"/>
            <line hits="1" number="83"/>
            <line hits="1" number="84"/>
            <line hits="1" number="86"/>
            <line hits="1" number="92"/>
            <line hits="1" number="93"/>
            <line hits="1" number="94"/>
            <line hits="1" number="96"/>
            <line hits="1" number="97"/>
            <line hits="1" number="98"/>
            <line hits="1" number="100"/>
            <line hits="1" number="101"/>
            <line hits="1" number="102"/>
            <line hits="1" number="104"/>
            <line hits="1" number="106"/>
            <line hits="1" number="107"/>
            <line hits="1" number="108"/>
            <line hits="1" number="110"/>
            <line hits="1" number="111"/>
            <line hits="1" number="112"/>
            <line hits="1" number="114"/>
            <line hits="1" number="115"/>
            <line hits="1" number="116"/>
            <line hits="1" number="118"/>
            <line hits="1" number="119"/>
            <line hits="1" number="120"/>
            <line hits="1" number="122"/>
            <line hits="1" number="123"/>
            <line hits="1" number="124"/>
            <line hits="1" number="126"/>
            <line hits="1" number="127"/>
            <line hits="1" number="128"/>
            <line hits="1" number="130"/>
            <line hits="1" number="131"/>
            <line hits="1" number="132"/>
            <line hits="1" number="139"/>
            <line hits="1" number="140"/>
            <line hits="1" number="141"/>
            <line hits="1" number="143"/>
            <line hits="1" number="144"/>
            <line hits="1" number="145"/>
            <line hits="1" number="147"/>
            <line hits="1" number="148"/>
            <line hits="1" number="149"/>
            <line hits="1" number="151"/>
            <line hits="1" number="152"/>
            <line hits="1" number="153"/>
            <line hits="1" number="159"/>
            <line hits="1" number="160"/>
            <line hits="1" number="161"/>
            <line hits="5" number="162"/>
            <line hits="5" number="163"/>
            <line hits="1" number="165"/>
            <line hits="1" number="167"/>
            <line hits="1" number="168"/>
            <line hits="1" number="170"/>
            <line hits="1" number="171"/>
            <line hits="1" number="172"/>
            <line hits="1" number="173"/>
            <line hits="1" number="174"/>
            <line hits="1" number="175"/>
            <line hits="1" number="176"/>
            <line hits="0" number="177"/>
            <line hits="1" number="179"/>
            <line hits="0" number="180"/>
            <line hits="1" number="183"/>
            <line hits="1" number="184"/>
            <line hits="1" number="185"/>
            <line hits="1" number="186"/>
            <line hits="1" number="187"/>
            <line hits="1" number="188"/>
            <line hits="1" number="189"/>
            <line hits="0" number="190"/>
            <line hits="1" number="192"/>
            <line hits="0" number="193"/>
            <line hits="1" number="196"/>
            <line hits="1" number="197"/>
            <line hits="1" number="198"/>
            <line hits="1" number="199"/>
            <line hits="1" number="200"/>
            <line hits="1" number="201"/>
            <line hits="1" number="202"/>
            <line hits="1" number="204"/>
            <line hits="1" number="205"/>
            <line hits="1" number="206"/>
            <line hits="0" number="207"/>
            <line hits="1" number="209"/>
            <line hits="0" number="210"/>
            <line hits="1" number="213"/>
            <line hits="1" number="214"/>
            <line hits="1" number="215"/>
            <line hits="1" number="216"/>
            <line hits="1" number="217"/>
            <line hits="0" number="218"/>
            <line hits="1" number="220"/>
            <line hits="0" number="221"/>
          </lines>
        </class>
      </classes>
    </package>
  </packages>
</coverage>
